2023-04-02 09:50:07.974 INFO  c.i.i.InstituteManagementSystemApplication - Starting InstituteManagementSystemApplication using Java 17.0.2 with PID 2944 (C:\Users\LAP-9\Documents\FrontEndArea\institute-management-system\institute-management-system\target\classes started by LAP-9 in C:\Users\LAP-9\Documents\FrontEndArea\institute-management-system\institute-management-system)
2023-04-02 09:50:07.983 INFO  c.i.i.InstituteManagementSystemApplication - No active profile set, falling back to 1 default profile: "default"
2023-04-02 09:50:09.363 INFO  o.s.b.w.e.tomcat.TomcatWebServer - Tomcat initialized with port(s): 8080 (http)
2023-04-02 09:50:09.373 INFO  o.a.coyote.http11.Http11NioProtocol - Initializing ProtocolHandler ["http-nio-8080"]
2023-04-02 09:50:09.373 INFO  o.a.catalina.core.StandardService - Starting service [Tomcat]
2023-04-02 09:50:09.374 INFO  o.a.catalina.core.StandardEngine - Starting Servlet engine: [Apache Tomcat/10.1.5]
2023-04-02 09:50:09.541 INFO  o.a.c.c.C.[Tomcat].[localhost].[/] - Initializing Spring embedded WebApplicationContext
2023-04-02 09:50:09.542 INFO  o.s.b.w.s.c.ServletWebServerApplicationContext - Root WebApplicationContext: initialization completed in 1503 ms
2023-04-02 09:50:09.974 DEBUG o.s.w.s.m.m.a.RequestMappingHandlerAdapter - ControllerAdvice beans: 0 @ModelAttribute, 0 @InitBinder, 1 RequestBodyAdvice, 1 ResponseBodyAdvice
2023-04-02 09:50:10.013 INFO  o.s.b.a.w.s.WelcomePageHandlerMapping - Adding welcome page: class path resource [static/index.html]
2023-04-02 09:50:10.084 DEBUG o.s.w.s.m.m.a.RequestMappingHandlerMapping - 11 mappings in 'requestMappingHandlerMapping'
2023-04-02 09:50:10.627 DEBUG o.s.w.s.h.SimpleUrlHandlerMapping - Patterns [/webjars/**, /**, /swagger-ui*/*swagger-initializer.js, /swagger-ui*/**] in 'resourceHandlerMapping'
2023-04-02 09:50:10.639 DEBUG o.s.w.s.m.m.a.ExceptionHandlerExceptionResolver - ControllerAdvice beans: 1 @ExceptionHandler, 1 ResponseBodyAdvice
2023-04-02 09:50:10.903 INFO  o.s.s.web.DefaultSecurityFilterChain - Will secure any request with [org.springframework.security.web.session.DisableEncodeUrlFilter@6bcae9, org.springframework.security.web.context.request.async.WebAsyncManagerIntegrationFilter@5aa781f2, org.springframework.security.web.context.SecurityContextHolderFilter@4cffd3fd, org.springframework.security.web.header.HeaderWriterFilter@7fd4e815, org.springframework.security.web.csrf.CsrfFilter@7f5614f9, org.springframework.security.web.authentication.logout.LogoutFilter@707865bd, org.springframework.security.web.authentication.UsernamePasswordAuthenticationFilter@5bb911c1, org.springframework.security.web.authentication.ui.DefaultLoginPageGeneratingFilter@5fffb692, org.springframework.security.web.authentication.ui.DefaultLogoutPageGeneratingFilter@58feb6b0, org.springframework.security.web.authentication.www.BasicAuthenticationFilter@3ebc955b, org.springframework.security.web.savedrequest.RequestCacheAwareFilter@1142d377, org.springframework.security.web.servletapi.SecurityContextHolderAwareRequestFilter@650aa077, org.springframework.security.web.authentication.AnonymousAuthenticationFilter@66d25ba9, org.springframework.security.web.access.ExceptionTranslationFilter@2eda2062, org.springframework.security.web.access.intercept.AuthorizationFilter@66e827a8]
2023-04-02 09:50:10.934 INFO  o.a.coyote.http11.Http11NioProtocol - Starting ProtocolHandler ["http-nio-8080"]
2023-04-02 09:50:10.960 INFO  o.s.b.w.e.tomcat.TomcatWebServer - Tomcat started on port(s): 8080 (http) with context path ''
2023-04-02 09:50:10.973 INFO  c.i.i.InstituteManagementSystemApplication - Started InstituteManagementSystemApplication in 3.43 seconds (process running for 4.199)
2023-04-02 09:50:11.054 INFO  o.a.c.c.C.[Tomcat].[localhost].[/] - Initializing Spring DispatcherServlet 'dispatcherServlet'
2023-04-02 09:50:11.055 INFO  o.s.web.servlet.DispatcherServlet - Initializing Servlet 'dispatcherServlet'
2023-04-02 09:50:11.056 DEBUG o.s.web.servlet.DispatcherServlet - Detected StandardServletMultipartResolver
2023-04-02 09:50:11.056 DEBUG o.s.web.servlet.DispatcherServlet - Detected AcceptHeaderLocaleResolver
2023-04-02 09:50:11.057 DEBUG o.s.web.servlet.DispatcherServlet - Detected FixedThemeResolver
2023-04-02 09:50:11.058 DEBUG o.s.web.servlet.DispatcherServlet - Detected org.springframework.web.servlet.view.DefaultRequestToViewNameTranslator@52896f35
2023-04-02 09:50:11.059 DEBUG o.s.web.servlet.DispatcherServlet - Detected org.springframework.web.servlet.support.SessionFlashMapManager@573b9d66
2023-04-02 09:50:11.060 DEBUG o.s.web.servlet.DispatcherServlet - enableLoggingRequestDetails='false': request parameters and headers will be masked to prevent unsafe logging of potentially sensitive data
2023-04-02 09:50:11.060 INFO  o.s.web.servlet.DispatcherServlet - Completed initialization in 4 ms
2023-04-02 09:50:14.526 DEBUG o.s.web.servlet.DispatcherServlet - GET "/?continue", parameters={masked}
2023-04-02 09:50:14.538 DEBUG o.s.w.s.v.ContentNegotiatingViewResolver - Selected 'text/html' given [text/html, application/xhtml+xml, image/avif, image/webp, image/apng, application/xml;q=0.9, */*;q=0.8, application/signed-exchange;v=b3;q=0.7]
2023-04-02 09:50:14.539 DEBUG o.s.w.s.view.InternalResourceView - View name 'forward:', model {}
2023-04-02 09:50:14.542 DEBUG o.s.w.s.view.InternalResourceView - Forwarding to [index.html]
2023-04-02 09:50:14.546 DEBUG o.s.web.servlet.DispatcherServlet - "FORWARD" dispatch for GET "/index.html?continue", parameters={masked}
2023-04-02 09:50:14.550 DEBUG o.s.w.s.h.SimpleUrlHandlerMapping - Mapped to ResourceHttpRequestHandler [classpath [META-INF/resources/], classpath [resources/], classpath [static/], classpath [public/], ServletContext [/]]
2023-04-02 09:50:14.563 DEBUG o.s.web.servlet.DispatcherServlet - Exiting from "FORWARD" dispatch, status 200
2023-04-02 09:50:14.565 DEBUG o.s.web.servlet.DispatcherServlet - Completed 200 OK
2023-04-02 09:50:14.578 DEBUG o.s.web.servlet.DispatcherServlet - GET "/stylesheet.css", parameters={}
2023-04-02 09:50:14.580 DEBUG o.s.w.s.h.SimpleUrlHandlerMapping - Mapped to ResourceHttpRequestHandler [classpath [META-INF/resources/], classpath [resources/], classpath [static/], classpath [public/], ServletContext [/]]
2023-04-02 09:50:14.583 DEBUG o.s.web.servlet.DispatcherServlet - Completed 304 NOT_MODIFIED
2023-04-02 09:50:14.606 DEBUG o.s.web.servlet.DispatcherServlet - GET "/bg.jpg", parameters={}
2023-04-02 09:50:14.607 DEBUG o.s.w.s.h.SimpleUrlHandlerMapping - Mapped to ResourceHttpRequestHandler [classpath [META-INF/resources/], classpath [resources/], classpath [static/], classpath [public/], ServletContext [/]]
2023-04-02 09:50:14.612 DEBUG o.s.web.servlet.DispatcherServlet - Completed 304 NOT_MODIFIED
2023-04-02 09:50:14.678 DEBUG o.s.web.servlet.DispatcherServlet - GET "/favicon.ico", parameters={}
2023-04-02 09:50:14.679 DEBUG o.s.w.s.h.SimpleUrlHandlerMapping - Mapped to ResourceHttpRequestHandler [classpath [META-INF/resources/], classpath [resources/], classpath [static/], classpath [public/], ServletContext [/]]
2023-04-02 09:50:14.684 DEBUG o.s.w.s.r.ResourceHttpRequestHandler - Resource not found
2023-04-02 09:50:14.684 DEBUG o.s.web.servlet.DispatcherServlet - Completed 404 NOT_FOUND
2023-04-02 09:50:14.685 DEBUG o.s.web.servlet.DispatcherServlet - "ERROR" dispatch for GET "/error", parameters={}
2023-04-02 09:50:14.688 DEBUG o.s.w.s.m.m.a.RequestMappingHandlerMapping - Mapped to org.springframework.boot.autoconfigure.web.servlet.error.BasicErrorController#error(HttpServletRequest)
2023-04-02 09:50:14.715 DEBUG o.s.w.s.m.m.a.HttpEntityMethodProcessor - Using 'application/json;q=0.8', given [image/avif, image/webp, image/apng, image/svg+xml, image/*, */*;q=0.8] and supported [application/json, application/*+json]
2023-04-02 09:50:14.719 DEBUG o.s.w.s.m.m.a.HttpEntityMethodProcessor - Writing [{timestamp=Sun Apr 02 09:50:14 GST 2023, status=404, error=Not Found, path=/favicon.ico}]
2023-04-02 09:50:14.761 DEBUG o.s.web.servlet.DispatcherServlet - Exiting from "ERROR" dispatch, status 404
2023-04-02 09:50:18.533 DEBUG o.s.web.servlet.DispatcherServlet - GET "/index.html", parameters={}
2023-04-02 09:50:18.535 DEBUG o.s.w.s.h.SimpleUrlHandlerMapping - Mapped to ResourceHttpRequestHandler [classpath [META-INF/resources/], classpath [resources/], classpath [static/], classpath [public/], ServletContext [/]]
2023-04-02 09:50:18.536 DEBUG o.s.web.servlet.DispatcherServlet - Completed 304 NOT_MODIFIED
2023-04-02 09:50:21.153 DEBUG o.s.web.servlet.DispatcherServlet - GET "/showStaff.html", parameters={}
2023-04-02 09:50:21.155 DEBUG o.s.w.s.h.SimpleUrlHandlerMapping - Mapped to ResourceHttpRequestHandler [classpath [META-INF/resources/], classpath [resources/], classpath [static/], classpath [public/], ServletContext [/]]
2023-04-02 09:50:21.159 DEBUG o.s.web.servlet.DispatcherServlet - Completed 304 NOT_MODIFIED
2023-04-02 09:50:21.179 DEBUG o.s.web.servlet.DispatcherServlet - GET "/search-icon.png", parameters={}
2023-04-02 09:50:21.179 DEBUG o.s.web.servlet.DispatcherServlet - GET "/showStaff.js", parameters={}
2023-04-02 09:50:21.181 DEBUG o.s.w.s.h.SimpleUrlHandlerMapping - Mapped to ResourceHttpRequestHandler [classpath [META-INF/resources/], classpath [resources/], classpath [static/], classpath [public/], ServletContext [/]]
2023-04-02 09:50:21.181 DEBUG o.s.w.s.h.SimpleUrlHandlerMapping - Mapped to ResourceHttpRequestHandler [classpath [META-INF/resources/], classpath [resources/], classpath [static/], classpath [public/], ServletContext [/]]
2023-04-02 09:50:21.183 DEBUG o.s.web.servlet.DispatcherServlet - Completed 304 NOT_MODIFIED
2023-04-02 09:50:21.183 DEBUG o.s.web.servlet.DispatcherServlet - Completed 304 NOT_MODIFIED
2023-04-02 09:50:23.747 DEBUG o.s.web.servlet.DispatcherServlet - GET "/createStaff.html", parameters={}
2023-04-02 09:50:23.750 DEBUG o.s.w.s.h.SimpleUrlHandlerMapping - Mapped to ResourceHttpRequestHandler [classpath [META-INF/resources/], classpath [resources/], classpath [static/], classpath [public/], ServletContext [/]]
2023-04-02 09:50:23.752 DEBUG o.s.web.servlet.DispatcherServlet - Completed 304 NOT_MODIFIED
2023-04-02 09:50:23.771 DEBUG o.s.web.servlet.DispatcherServlet - GET "/createStaff.js", parameters={}
2023-04-02 09:50:23.772 DEBUG o.s.w.s.h.SimpleUrlHandlerMapping - Mapped to ResourceHttpRequestHandler [classpath [META-INF/resources/], classpath [resources/], classpath [static/], classpath [public/], ServletContext [/]]
2023-04-02 09:50:23.774 DEBUG o.s.web.servlet.DispatcherServlet - Completed 304 NOT_MODIFIED
2023-04-02 09:52:11.881 INFO  c.i.i.InstituteManagementSystemApplication - Starting InstituteManagementSystemApplication using Java 17.0.2 with PID 13852 (C:\Users\LAP-9\Documents\FrontEndArea\institute-management-system\institute-management-system\target\classes started by LAP-9 in C:\Users\LAP-9\Documents\FrontEndArea\institute-management-system\institute-management-system)
2023-04-02 09:52:11.883 INFO  c.i.i.InstituteManagementSystemApplication - No active profile set, falling back to 1 default profile: "default"
2023-04-02 09:52:13.068 INFO  o.s.b.w.e.tomcat.TomcatWebServer - Tomcat initialized with port(s): 8080 (http)
2023-04-02 09:52:13.075 INFO  o.a.coyote.http11.Http11NioProtocol - Initializing ProtocolHandler ["http-nio-8080"]
2023-04-02 09:52:13.078 INFO  o.a.catalina.core.StandardService - Starting service [Tomcat]
2023-04-02 09:52:13.078 INFO  o.a.catalina.core.StandardEngine - Starting Servlet engine: [Apache Tomcat/10.1.5]
2023-04-02 09:52:13.193 INFO  o.a.c.c.C.[Tomcat].[localhost].[/] - Initializing Spring embedded WebApplicationContext
2023-04-02 09:52:13.193 INFO  o.s.b.w.s.c.ServletWebServerApplicationContext - Root WebApplicationContext: initialization completed in 1247 ms
2023-04-02 09:52:13.491 DEBUG o.s.w.s.m.m.a.RequestMappingHandlerAdapter - ControllerAdvice beans: 0 @ModelAttribute, 0 @InitBinder, 1 RequestBodyAdvice, 1 ResponseBodyAdvice
2023-04-02 09:52:13.520 INFO  o.s.b.a.w.s.WelcomePageHandlerMapping - Adding welcome page: class path resource [static/index.html]
2023-04-02 09:52:13.587 DEBUG o.s.w.s.m.m.a.RequestMappingHandlerMapping - 11 mappings in 'requestMappingHandlerMapping'
2023-04-02 09:52:14.062 DEBUG o.s.w.s.h.SimpleUrlHandlerMapping - Patterns [/webjars/**, /**, /swagger-ui*/*swagger-initializer.js, /swagger-ui*/**] in 'resourceHandlerMapping'
2023-04-02 09:52:14.070 DEBUG o.s.w.s.m.m.a.ExceptionHandlerExceptionResolver - ControllerAdvice beans: 1 @ExceptionHandler, 1 ResponseBodyAdvice
2023-04-02 09:52:14.253 INFO  o.s.s.web.DefaultSecurityFilterChain - Will secure any request with [org.springframework.security.web.session.DisableEncodeUrlFilter@707865bd, org.springframework.security.web.context.request.async.WebAsyncManagerIntegrationFilter@31f77791, org.springframework.security.web.context.SecurityContextHolderFilter@3b78c683, org.springframework.security.web.header.HeaderWriterFilter@7f977fba, org.springframework.security.web.csrf.CsrfFilter@634ca3e7, org.springframework.security.web.authentication.logout.LogoutFilter@650aa077, org.springframework.security.web.authentication.UsernamePasswordAuthenticationFilter@35e98af, org.springframework.security.web.authentication.ui.DefaultLoginPageGeneratingFilter@76973a6, org.springframework.security.web.authentication.ui.DefaultLogoutPageGeneratingFilter@552fee7a, org.springframework.security.web.authentication.www.BasicAuthenticationFilter@2f9dda71, org.springframework.security.web.savedrequest.RequestCacheAwareFilter@480cbe2e, org.springframework.security.web.servletapi.SecurityContextHolderAwareRequestFilter@73608eb0, org.springframework.security.web.authentication.AnonymousAuthenticationFilter@548e43b1, org.springframework.security.web.access.ExceptionTranslationFilter@76a7fcbd, org.springframework.security.web.access.intercept.AuthorizationFilter@126f8f24]
2023-04-02 09:52:14.281 INFO  o.a.coyote.http11.Http11NioProtocol - Starting ProtocolHandler ["http-nio-8080"]
2023-04-02 09:52:14.305 INFO  o.s.b.w.e.tomcat.TomcatWebServer - Tomcat started on port(s): 8080 (http) with context path ''
2023-04-02 09:52:14.319 INFO  c.i.i.InstituteManagementSystemApplication - Started InstituteManagementSystemApplication in 2.832 seconds (process running for 3.56)
2023-04-02 09:52:20.862 INFO  o.a.c.c.C.[Tomcat].[localhost].[/] - Initializing Spring DispatcherServlet 'dispatcherServlet'
2023-04-02 09:52:20.863 INFO  o.s.web.servlet.DispatcherServlet - Initializing Servlet 'dispatcherServlet'
2023-04-02 09:52:20.863 DEBUG o.s.web.servlet.DispatcherServlet - Detected StandardServletMultipartResolver
2023-04-02 09:52:20.863 DEBUG o.s.web.servlet.DispatcherServlet - Detected AcceptHeaderLocaleResolver
2023-04-02 09:52:20.863 DEBUG o.s.web.servlet.DispatcherServlet - Detected FixedThemeResolver
2023-04-02 09:52:20.864 DEBUG o.s.web.servlet.DispatcherServlet - Detected org.springframework.web.servlet.view.DefaultRequestToViewNameTranslator@3627e91d
2023-04-02 09:52:20.864 DEBUG o.s.web.servlet.DispatcherServlet - Detected org.springframework.web.servlet.support.SessionFlashMapManager@4cdf6b88
2023-04-02 09:52:20.865 DEBUG o.s.web.servlet.DispatcherServlet - enableLoggingRequestDetails='false': request parameters and headers will be masked to prevent unsafe logging of potentially sensitive data
2023-04-02 09:52:20.865 INFO  o.s.web.servlet.DispatcherServlet - Completed initialization in 2 ms
2023-04-02 09:52:23.548 DEBUG o.s.web.servlet.DispatcherServlet - GET "/login.html?continue", parameters={masked}
2023-04-02 09:52:23.556 DEBUG o.s.w.s.h.SimpleUrlHandlerMapping - Mapped to ResourceHttpRequestHandler [classpath [META-INF/resources/], classpath [resources/], classpath [static/], classpath [public/], ServletContext [/]]
2023-04-02 09:52:23.577 DEBUG o.s.web.servlet.DispatcherServlet - Completed 200 OK
2023-04-02 09:52:29.993 DEBUG o.s.web.servlet.DispatcherServlet - GET "/login.html", parameters={}
2023-04-02 09:52:29.996 DEBUG o.s.w.s.h.SimpleUrlHandlerMapping - Mapped to ResourceHttpRequestHandler [classpath [META-INF/resources/], classpath [resources/], classpath [static/], classpath [public/], ServletContext [/]]
2023-04-02 09:52:30.002 DEBUG o.s.web.servlet.DispatcherServlet - Completed 200 OK
2023-04-02 09:54:07.052 INFO  c.i.i.InstituteManagementSystemApplication - Starting InstituteManagementSystemApplication using Java 17.0.2 with PID 2704 (C:\Users\LAP-9\Documents\FrontEndArea\institute-management-system\institute-management-system\target\classes started by LAP-9 in C:\Users\LAP-9\Documents\FrontEndArea\institute-management-system\institute-management-system)
2023-04-02 09:54:07.055 INFO  c.i.i.InstituteManagementSystemApplication - No active profile set, falling back to 1 default profile: "default"
2023-04-02 09:54:08.402 INFO  o.s.b.w.e.tomcat.TomcatWebServer - Tomcat initialized with port(s): 8080 (http)
2023-04-02 09:54:08.411 INFO  o.a.coyote.http11.Http11NioProtocol - Initializing ProtocolHandler ["http-nio-8080"]
2023-04-02 09:54:08.412 INFO  o.a.catalina.core.StandardService - Starting service [Tomcat]
2023-04-02 09:54:08.412 INFO  o.a.catalina.core.StandardEngine - Starting Servlet engine: [Apache Tomcat/10.1.5]
2023-04-02 09:54:08.546 INFO  o.a.c.c.C.[Tomcat].[localhost].[/] - Initializing Spring embedded WebApplicationContext
2023-04-02 09:54:08.546 INFO  o.s.b.w.s.c.ServletWebServerApplicationContext - Root WebApplicationContext: initialization completed in 1424 ms
2023-04-02 09:54:08.854 DEBUG o.s.w.s.m.m.a.RequestMappingHandlerAdapter - ControllerAdvice beans: 0 @ModelAttribute, 0 @InitBinder, 1 RequestBodyAdvice, 1 ResponseBodyAdvice
2023-04-02 09:54:08.889 INFO  o.s.b.a.w.s.WelcomePageHandlerMapping - Adding welcome page: class path resource [static/index.html]
2023-04-02 09:54:08.969 DEBUG o.s.w.s.m.m.a.RequestMappingHandlerMapping - 11 mappings in 'requestMappingHandlerMapping'
2023-04-02 09:54:09.577 DEBUG o.s.w.s.h.SimpleUrlHandlerMapping - Patterns [/webjars/**, /**, /swagger-ui*/*swagger-initializer.js, /swagger-ui*/**] in 'resourceHandlerMapping'
2023-04-02 09:54:09.587 DEBUG o.s.w.s.m.m.a.ExceptionHandlerExceptionResolver - ControllerAdvice beans: 1 @ExceptionHandler, 1 ResponseBodyAdvice
2023-04-02 09:54:09.782 INFO  o.s.s.web.DefaultSecurityFilterChain - Will secure any request with [org.springframework.security.web.session.DisableEncodeUrlFilter@67688110, org.springframework.security.web.context.request.async.WebAsyncManagerIntegrationFilter@6d293993, org.springframework.security.web.context.SecurityContextHolderFilter@110e9982, org.springframework.security.web.header.HeaderWriterFilter@7f5614f9, org.springframework.security.web.csrf.CsrfFilter@1c297897, org.springframework.security.web.authentication.logout.LogoutFilter@372461a9, org.springframework.security.web.authentication.UsernamePasswordAuthenticationFilter@662be9f7, org.springframework.security.web.authentication.ui.DefaultLoginPageGeneratingFilter@5a1dddba, org.springframework.security.web.authentication.ui.DefaultLogoutPageGeneratingFilter@475f5672, org.springframework.security.web.authentication.www.BasicAuthenticationFilter@31f77791, org.springframework.security.web.savedrequest.RequestCacheAwareFilter@73608eb0, org.springframework.security.web.servletapi.SecurityContextHolderAwareRequestFilter@2ee39e73, org.springframework.security.web.authentication.AnonymousAuthenticationFilter@616a06e3, org.springframework.security.web.access.ExceptionTranslationFilter@d653e41, org.springframework.security.web.access.intercept.AuthorizationFilter@11c78080]
2023-04-02 09:54:09.816 INFO  o.a.coyote.http11.Http11NioProtocol - Starting ProtocolHandler ["http-nio-8080"]
2023-04-02 09:54:09.839 INFO  o.s.b.w.e.tomcat.TomcatWebServer - Tomcat started on port(s): 8080 (http) with context path ''
2023-04-02 09:54:09.853 INFO  c.i.i.InstituteManagementSystemApplication - Started InstituteManagementSystemApplication in 3.348 seconds (process running for 3.953)
2023-04-02 09:54:10.540 INFO  o.a.c.c.C.[Tomcat].[localhost].[/] - Initializing Spring DispatcherServlet 'dispatcherServlet'
2023-04-02 09:54:10.540 INFO  o.s.web.servlet.DispatcherServlet - Initializing Servlet 'dispatcherServlet'
2023-04-02 09:54:10.540 DEBUG o.s.web.servlet.DispatcherServlet - Detected StandardServletMultipartResolver
2023-04-02 09:54:10.540 DEBUG o.s.web.servlet.DispatcherServlet - Detected AcceptHeaderLocaleResolver
2023-04-02 09:54:10.541 DEBUG o.s.web.servlet.DispatcherServlet - Detected FixedThemeResolver
2023-04-02 09:54:10.542 DEBUG o.s.web.servlet.DispatcherServlet - Detected org.springframework.web.servlet.view.DefaultRequestToViewNameTranslator@14e3a540
2023-04-02 09:54:10.542 DEBUG o.s.web.servlet.DispatcherServlet - Detected org.springframework.web.servlet.support.SessionFlashMapManager@a6e3947
2023-04-02 09:54:10.542 DEBUG o.s.web.servlet.DispatcherServlet - enableLoggingRequestDetails='false': request parameters and headers will be masked to prevent unsafe logging of potentially sensitive data
2023-04-02 09:54:10.547 INFO  o.s.web.servlet.DispatcherServlet - Completed initialization in 7 ms
2023-04-02 09:54:11.822 DEBUG o.s.web.servlet.DispatcherServlet - GET "/login.html?continue", parameters={masked}
2023-04-02 09:54:11.827 DEBUG o.s.w.s.h.SimpleUrlHandlerMapping - Mapped to ResourceHttpRequestHandler [classpath [META-INF/resources/], classpath [resources/], classpath [static/], classpath [public/], ServletContext [/]]
2023-04-02 09:54:11.840 DEBUG o.s.web.servlet.DispatcherServlet - Completed 200 OK
2023-04-02 09:54:17.884 DEBUG o.s.web.servlet.DispatcherServlet - "ERROR" dispatch for POST "/error", parameters={}
2023-04-02 09:54:17.886 DEBUG o.s.w.s.m.m.a.RequestMappingHandlerMapping - Mapped to org.springframework.boot.autoconfigure.web.servlet.error.BasicErrorController#error(HttpServletRequest)
2023-04-02 09:54:17.917 DEBUG o.s.w.s.m.m.a.HttpEntityMethodProcessor - Using 'application/json', given [*/*] and supported [application/json, application/*+json]
2023-04-02 09:54:17.919 DEBUG o.s.w.s.m.m.a.HttpEntityMethodProcessor - Writing [{timestamp=Sun Apr 02 09:54:17 GST 2023, status=403, error=Forbidden, path=/api/teacher}]
2023-04-02 09:54:17.956 DEBUG o.s.web.servlet.DispatcherServlet - Exiting from "ERROR" dispatch, status 403
2023-04-02 09:55:40.110 INFO  c.i.i.InstituteManagementSystemApplication - Starting InstituteManagementSystemApplication using Java 17.0.2 with PID 11168 (C:\Users\LAP-9\Documents\FrontEndArea\institute-management-system\institute-management-system\target\classes started by LAP-9 in C:\Users\LAP-9\Documents\FrontEndArea\institute-management-system\institute-management-system)
2023-04-02 09:55:40.113 INFO  c.i.i.InstituteManagementSystemApplication - No active profile set, falling back to 1 default profile: "default"
2023-04-02 09:55:41.438 INFO  o.s.b.w.e.tomcat.TomcatWebServer - Tomcat initialized with port(s): 8080 (http)
2023-04-02 09:55:41.449 INFO  o.a.coyote.http11.Http11NioProtocol - Initializing ProtocolHandler ["http-nio-8080"]
2023-04-02 09:55:41.450 INFO  o.a.catalina.core.StandardService - Starting service [Tomcat]
2023-04-02 09:55:41.450 INFO  o.a.catalina.core.StandardEngine - Starting Servlet engine: [Apache Tomcat/10.1.5]
2023-04-02 09:55:41.598 INFO  o.a.c.c.C.[Tomcat].[localhost].[/] - Initializing Spring embedded WebApplicationContext
2023-04-02 09:55:41.599 INFO  o.s.b.w.s.c.ServletWebServerApplicationContext - Root WebApplicationContext: initialization completed in 1413 ms
2023-04-02 09:55:41.999 DEBUG o.s.w.s.m.m.a.RequestMappingHandlerAdapter - ControllerAdvice beans: 0 @ModelAttribute, 0 @InitBinder, 1 RequestBodyAdvice, 1 ResponseBodyAdvice
2023-04-02 09:55:42.032 INFO  o.s.b.a.w.s.WelcomePageHandlerMapping - Adding welcome page: class path resource [static/index.html]
2023-04-02 09:55:42.111 DEBUG o.s.w.s.m.m.a.RequestMappingHandlerMapping - 11 mappings in 'requestMappingHandlerMapping'
2023-04-02 09:55:42.659 DEBUG o.s.w.s.h.SimpleUrlHandlerMapping - Patterns [/webjars/**, /**, /swagger-ui*/*swagger-initializer.js, /swagger-ui*/**] in 'resourceHandlerMapping'
2023-04-02 09:55:42.666 DEBUG o.s.w.s.m.m.a.ExceptionHandlerExceptionResolver - ControllerAdvice beans: 1 @ExceptionHandler, 1 ResponseBodyAdvice
2023-04-02 09:55:42.843 INFO  o.s.s.web.DefaultSecurityFilterChain - Will secure any request with [org.springframework.security.web.session.DisableEncodeUrlFilter@2f9dda71, org.springframework.security.web.context.request.async.WebAsyncManagerIntegrationFilter@58278366, org.springframework.security.web.context.SecurityContextHolderFilter@7f977fba, org.springframework.security.web.header.HeaderWriterFilter@12952aff, org.springframework.security.web.csrf.CsrfFilter@50b734c4, org.springframework.security.web.authentication.logout.LogoutFilter@5c48b72c, org.springframework.security.web.authentication.UsernamePasswordAuthenticationFilter@243bf087, org.springframework.security.web.authentication.ui.DefaultLoginPageGeneratingFilter@2de9ca6, org.springframework.security.web.authentication.ui.DefaultLogoutPageGeneratingFilter@7f5fcfe9, org.springframework.security.web.authentication.www.BasicAuthenticationFilter@6282b9f5, org.springframework.security.web.savedrequest.RequestCacheAwareFilter@d653e41, org.springframework.security.web.servletapi.SecurityContextHolderAwareRequestFilter@6c3f1658, org.springframework.security.web.authentication.AnonymousAuthenticationFilter@707865bd, org.springframework.security.web.access.ExceptionTranslationFilter@7889b4b9, org.springframework.security.web.access.intercept.AuthorizationFilter@48cb2d73]
2023-04-02 09:55:42.871 INFO  o.a.coyote.http11.Http11NioProtocol - Starting ProtocolHandler ["http-nio-8080"]
2023-04-02 09:55:42.894 INFO  o.s.b.w.e.tomcat.TomcatWebServer - Tomcat started on port(s): 8080 (http) with context path ''
2023-04-02 09:55:42.909 INFO  c.i.i.InstituteManagementSystemApplication - Started InstituteManagementSystemApplication in 3.398 seconds (process running for 4.108)
2023-04-02 09:55:42.960 INFO  o.a.c.c.C.[Tomcat].[localhost].[/] - Initializing Spring DispatcherServlet 'dispatcherServlet'
2023-04-02 09:55:42.960 INFO  o.s.web.servlet.DispatcherServlet - Initializing Servlet 'dispatcherServlet'
2023-04-02 09:55:42.960 DEBUG o.s.web.servlet.DispatcherServlet - Detected StandardServletMultipartResolver
2023-04-02 09:55:42.961 DEBUG o.s.web.servlet.DispatcherServlet - Detected AcceptHeaderLocaleResolver
2023-04-02 09:55:42.961 DEBUG o.s.web.servlet.DispatcherServlet - Detected FixedThemeResolver
2023-04-02 09:55:42.962 DEBUG o.s.web.servlet.DispatcherServlet - Detected org.springframework.web.servlet.view.DefaultRequestToViewNameTranslator@76aa9d9
2023-04-02 09:55:42.962 DEBUG o.s.web.servlet.DispatcherServlet - Detected org.springframework.web.servlet.support.SessionFlashMapManager@4bf8b1fe
2023-04-02 09:55:42.963 DEBUG o.s.web.servlet.DispatcherServlet - enableLoggingRequestDetails='false': request parameters and headers will be masked to prevent unsafe logging of potentially sensitive data
2023-04-02 09:55:42.963 INFO  o.s.web.servlet.DispatcherServlet - Completed initialization in 3 ms
2023-04-02 09:55:43.791 DEBUG o.s.web.servlet.DispatcherServlet - GET "/login.html?continue&continue", parameters={masked}
2023-04-02 09:55:43.796 DEBUG o.s.w.s.h.SimpleUrlHandlerMapping - Mapped to ResourceHttpRequestHandler [classpath [META-INF/resources/], classpath [resources/], classpath [static/], classpath [public/], ServletContext [/]]
2023-04-02 09:55:43.813 DEBUG o.s.web.servlet.DispatcherServlet - Completed 200 OK
2023-04-02 09:55:58.249 INFO  c.i.i.InstituteManagementSystemApplication - Starting InstituteManagementSystemApplication using Java 17.0.2 with PID 4484 (C:\Users\LAP-9\Documents\FrontEndArea\institute-management-system\institute-management-system\target\classes started by LAP-9 in C:\Users\LAP-9\Documents\FrontEndArea\institute-management-system\institute-management-system)
2023-04-02 09:55:58.253 INFO  c.i.i.InstituteManagementSystemApplication - No active profile set, falling back to 1 default profile: "default"
2023-04-02 09:55:59.627 INFO  o.s.b.w.e.tomcat.TomcatWebServer - Tomcat initialized with port(s): 8080 (http)
2023-04-02 09:55:59.637 INFO  o.a.coyote.http11.Http11NioProtocol - Initializing ProtocolHandler ["http-nio-8080"]
2023-04-02 09:55:59.638 INFO  o.a.catalina.core.StandardService - Starting service [Tomcat]
2023-04-02 09:55:59.638 INFO  o.a.catalina.core.StandardEngine - Starting Servlet engine: [Apache Tomcat/10.1.5]
2023-04-02 09:55:59.769 INFO  o.a.c.c.C.[Tomcat].[localhost].[/] - Initializing Spring embedded WebApplicationContext
2023-04-02 09:55:59.769 INFO  o.s.b.w.s.c.ServletWebServerApplicationContext - Root WebApplicationContext: initialization completed in 1410 ms
2023-04-02 09:56:00.109 DEBUG o.s.w.s.m.m.a.RequestMappingHandlerAdapter - ControllerAdvice beans: 0 @ModelAttribute, 0 @InitBinder, 1 RequestBodyAdvice, 1 ResponseBodyAdvice
2023-04-02 09:56:00.142 INFO  o.s.b.a.w.s.WelcomePageHandlerMapping - Adding welcome page: class path resource [static/index.html]
2023-04-02 09:56:00.212 DEBUG o.s.w.s.m.m.a.RequestMappingHandlerMapping - 11 mappings in 'requestMappingHandlerMapping'
2023-04-02 09:56:00.721 DEBUG o.s.w.s.h.SimpleUrlHandlerMapping - Patterns [/webjars/**, /**, /swagger-ui*/*swagger-initializer.js, /swagger-ui*/**] in 'resourceHandlerMapping'
2023-04-02 09:56:00.728 DEBUG o.s.w.s.m.m.a.ExceptionHandlerExceptionResolver - ControllerAdvice beans: 1 @ExceptionHandler, 1 ResponseBodyAdvice
2023-04-02 09:56:00.904 INFO  o.s.s.web.DefaultSecurityFilterChain - Will secure any request with [org.springframework.security.web.session.DisableEncodeUrlFilter@6d293993, org.springframework.security.web.context.request.async.WebAsyncManagerIntegrationFilter@475f5672, org.springframework.security.web.context.SecurityContextHolderFilter@5eb0a686, org.springframework.security.web.header.HeaderWriterFilter@480cbe2e, org.springframework.security.web.csrf.CsrfFilter@33e0c716, org.springframework.security.web.authentication.logout.LogoutFilter@5fffb692, org.springframework.security.web.authentication.UsernamePasswordAuthenticationFilter@4962b41e, org.springframework.security.web.authentication.ui.DefaultLoginPageGeneratingFilter@c4d2c44, org.springframework.security.web.authentication.ui.DefaultLogoutPageGeneratingFilter@616a06e3, org.springframework.security.web.authentication.www.BasicAuthenticationFilter@552fee7a, org.springframework.security.web.savedrequest.RequestCacheAwareFilter@67f9cb52, org.springframework.security.web.servletapi.SecurityContextHolderAwareRequestFilter@76973a6, org.springframework.security.web.authentication.AnonymousAuthenticationFilter@42297bdf, org.springframework.security.web.access.ExceptionTranslationFilter@3b78c683, org.springframework.security.web.access.intercept.AuthorizationFilter@662be9f7]
2023-04-02 09:56:00.931 INFO  o.a.coyote.http11.Http11NioProtocol - Starting ProtocolHandler ["http-nio-8080"]
2023-04-02 09:56:00.958 INFO  o.s.b.w.e.tomcat.TomcatWebServer - Tomcat started on port(s): 8080 (http) with context path ''
2023-04-02 09:56:00.969 INFO  c.i.i.InstituteManagementSystemApplication - Started InstituteManagementSystemApplication in 3.379 seconds (process running for 4.003)
2023-04-02 09:56:01.178 INFO  o.a.c.c.C.[Tomcat].[localhost].[/] - Initializing Spring DispatcherServlet 'dispatcherServlet'
2023-04-02 09:56:01.179 INFO  o.s.web.servlet.DispatcherServlet - Initializing Servlet 'dispatcherServlet'
2023-04-02 09:56:01.179 DEBUG o.s.web.servlet.DispatcherServlet - Detected StandardServletMultipartResolver
2023-04-02 09:56:01.179 DEBUG o.s.web.servlet.DispatcherServlet - Detected AcceptHeaderLocaleResolver
2023-04-02 09:56:01.179 DEBUG o.s.web.servlet.DispatcherServlet - Detected FixedThemeResolver
2023-04-02 09:56:01.180 DEBUG o.s.web.servlet.DispatcherServlet - Detected org.springframework.web.servlet.view.DefaultRequestToViewNameTranslator@5648db7a
2023-04-02 09:56:01.181 DEBUG o.s.web.servlet.DispatcherServlet - Detected org.springframework.web.servlet.support.SessionFlashMapManager@61bc0a00
2023-04-02 09:56:01.181 DEBUG o.s.web.servlet.DispatcherServlet - enableLoggingRequestDetails='false': request parameters and headers will be masked to prevent unsafe logging of potentially sensitive data
2023-04-02 09:56:01.182 INFO  o.s.web.servlet.DispatcherServlet - Completed initialization in 3 ms
2023-04-02 09:56:01.998 DEBUG o.s.web.servlet.DispatcherServlet - GET "/login.html?continue&continue&continue", parameters={masked}
2023-04-02 09:56:02.006 DEBUG o.s.w.s.h.SimpleUrlHandlerMapping - Mapped to ResourceHttpRequestHandler [classpath [META-INF/resources/], classpath [resources/], classpath [static/], classpath [public/], ServletContext [/]]
2023-04-02 09:56:02.018 DEBUG o.s.web.servlet.DispatcherServlet - Completed 200 OK
