2023-04-19 07:58:36.007 INFO  o.h.validator.internal.util.Version - HV000001: Hibernate Validator 8.0.0.Final
2023-04-19 07:58:36.116 INFO  c.i.i.InstituteManagementSystemApplication - Starting InstituteManagementSystemApplication using Java 17.0.2 with PID 11912 (C:\Users\LAP-9\Documents\FrontEndArea\institute-management-system\institute-management-system\target\classes started by LAP-9 in C:\Users\LAP-9\Documents\FrontEndArea\institute-management-system\institute-management-system)
2023-04-19 07:58:36.118 INFO  c.i.i.InstituteManagementSystemApplication - No active profile set, falling back to 1 default profile: "default"
2023-04-19 07:58:37.702 INFO  o.s.d.r.c.RepositoryConfigurationDelegate - Bootstrapping Spring Data JPA repositories in DEFAULT mode.
2023-04-19 07:58:37.815 INFO  o.s.d.r.c.RepositoryConfigurationDelegate - Finished Spring Data repository scanning in 100 ms. Found 2 JPA repository interfaces.
2023-04-19 07:58:38.765 INFO  o.s.b.w.e.tomcat.TomcatWebServer - Tomcat initialized with port(s): 8080 (http)
2023-04-19 07:58:38.778 INFO  o.a.coyote.http11.Http11NioProtocol - Initializing ProtocolHandler ["http-nio-8080"]
2023-04-19 07:58:38.779 INFO  o.a.catalina.core.StandardService - Starting service [Tomcat]
2023-04-19 07:58:38.779 INFO  o.a.catalina.core.StandardEngine - Starting Servlet engine: [Apache Tomcat/10.1.5]
2023-04-19 07:58:38.952 INFO  o.a.c.c.C.[Tomcat].[localhost].[/] - Initializing Spring embedded WebApplicationContext
2023-04-19 07:58:38.952 INFO  o.s.b.w.s.c.ServletWebServerApplicationContext - Root WebApplicationContext: initialization completed in 2620 ms
2023-04-19 07:58:39.260 INFO  o.h.jpa.internal.util.LogHelper - HHH000204: Processing PersistenceUnitInfo [name: default]
2023-04-19 07:58:39.366 INFO  org.hibernate.Version - HHH000412: Hibernate ORM core version 6.1.7.Final
2023-04-19 07:58:39.625 WARN  org.hibernate.orm.deprecation - HHH90000021: Encountered deprecated setting [javax.persistence.validation.mode], use [jakarta.persistence.validation.mode] instead
2023-04-19 07:58:39.826 INFO  com.zaxxer.hikari.HikariDataSource - HikariPool-1 - Starting...
2023-04-19 07:58:40.090 INFO  com.zaxxer.hikari.pool.HikariPool - HikariPool-1 - Added connection com.mysql.cj.jdbc.ConnectionImpl@4efb13f1
2023-04-19 07:58:40.093 INFO  com.zaxxer.hikari.HikariDataSource - HikariPool-1 - Start completed.
2023-04-19 07:58:40.164 INFO  SQL dialect - HHH000400: Using dialect: org.hibernate.dialect.MySQLDialect
2023-04-19 07:58:40.897 INFO  o.h.e.t.j.p.i.JtaPlatformInitiator - HHH000490: Using JtaPlatform implementation: [org.hibernate.engine.transaction.jta.platform.internal.NoJtaPlatform]
2023-04-19 07:58:40.905 INFO  o.s.o.j.LocalContainerEntityManagerFactoryBean - Initialized JPA EntityManagerFactory for persistence unit 'default'
2023-04-19 07:58:41.385 WARN  o.s.b.a.o.j.JpaBaseConfiguration$JpaWebConfiguration - spring.jpa.open-in-view is enabled by default. Therefore, database queries may be performed during view rendering. Explicitly configure spring.jpa.open-in-view to disable this warning
2023-04-19 07:58:41.693 DEBUG o.s.w.s.m.m.a.RequestMappingHandlerMapping - 18 mappings in 'requestMappingHandlerMapping'
2023-04-19 07:58:42.613 DEBUG o.s.w.s.h.SimpleUrlHandlerMapping - Patterns [/webjars/**, /static/**, /swagger-ui*/*swagger-initializer.js, /swagger-ui*/**] in 'resourceHandlerMapping'
2023-04-19 07:58:42.619 INFO  o.s.s.web.DefaultSecurityFilterChain - Will secure any request with [org.springframework.security.web.session.DisableEncodeUrlFilter@1693d505, org.springframework.security.web.context.request.async.WebAsyncManagerIntegrationFilter@3d195d15, org.springframework.security.web.context.SecurityContextHolderFilter@1a6a4595, org.springframework.security.web.header.HeaderWriterFilter@45c28c49, org.springframework.web.filter.CorsFilter@17b387ef, org.springframework.security.web.authentication.logout.LogoutFilter@25fcdcc6, org.springframework.security.web.authentication.www.BasicAuthenticationFilter@58fbfefb, org.springframework.security.web.savedrequest.RequestCacheAwareFilter@4965454c, org.springframework.security.web.servletapi.SecurityContextHolderAwareRequestFilter@1e4a4ed5, org.springframework.security.web.authentication.AnonymousAuthenticationFilter@489b7559, org.springframework.security.web.access.ExceptionTranslationFilter@4113d9ab, org.springframework.security.web.access.intercept.FilterSecurityInterceptor@583b4af4]
2023-04-19 07:58:42.642 WARN  o.s.s.c.a.web.builders.WebSecurity - You are asking Spring Security to ignore Ant [pattern='/static/**']. This is not recommended -- please use permitAll via HttpSecurity#authorizeHttpRequests instead.
2023-04-19 07:58:42.644 INFO  o.s.s.web.DefaultSecurityFilterChain - Will not secure Ant [pattern='/static/**']
2023-04-19 07:58:42.802 DEBUG o.s.w.s.m.m.a.RequestMappingHandlerAdapter - ControllerAdvice beans: 0 @ModelAttribute, 0 @InitBinder, 1 RequestBodyAdvice, 1 ResponseBodyAdvice
2023-04-19 07:58:42.919 DEBUG o.s.w.s.m.m.a.ExceptionHandlerExceptionResolver - ControllerAdvice beans: 1 @ExceptionHandler, 1 ResponseBodyAdvice
2023-04-19 07:58:43.198 INFO  o.a.coyote.http11.Http11NioProtocol - Starting ProtocolHandler ["http-nio-8080"]
2023-04-19 07:58:43.253 INFO  o.s.b.w.e.tomcat.TomcatWebServer - Tomcat started on port(s): 8080 (http) with context path ''
2023-04-19 07:58:43.271 INFO  c.i.i.InstituteManagementSystemApplication - Started InstituteManagementSystemApplication in 7.922 seconds (process running for 8.914)
2023-04-19 08:09:52.650 INFO  o.s.o.j.LocalContainerEntityManagerFactoryBean - Closing JPA EntityManagerFactory for persistence unit 'default'
2023-04-19 08:09:52.653 INFO  com.zaxxer.hikari.HikariDataSource - HikariPool-1 - Shutdown initiated...
2023-04-19 08:09:52.670 INFO  com.zaxxer.hikari.HikariDataSource - HikariPool-1 - Shutdown completed.
2023-04-19 08:09:56.023 INFO  o.h.validator.internal.util.Version - HV000001: Hibernate Validator 8.0.0.Final
2023-04-19 08:09:56.071 INFO  c.i.i.InstituteManagementSystemApplication - Starting InstituteManagementSystemApplication using Java 17.0.2 with PID 13728 (C:\Users\LAP-9\Documents\FrontEndArea\institute-management-system\institute-management-system\target\classes started by LAP-9 in C:\Users\LAP-9\Documents\FrontEndArea\institute-management-system\institute-management-system)
2023-04-19 08:09:56.074 INFO  c.i.i.InstituteManagementSystemApplication - No active profile set, falling back to 1 default profile: "default"
2023-04-19 08:09:57.269 INFO  o.s.d.r.c.RepositoryConfigurationDelegate - Bootstrapping Spring Data JPA repositories in DEFAULT mode.
2023-04-19 08:09:57.350 INFO  o.s.d.r.c.RepositoryConfigurationDelegate - Finished Spring Data repository scanning in 59 ms. Found 2 JPA repository interfaces.
2023-04-19 08:09:58.176 INFO  o.s.b.w.e.tomcat.TomcatWebServer - Tomcat initialized with port(s): 8080 (http)
2023-04-19 08:09:58.194 INFO  o.a.coyote.http11.Http11NioProtocol - Initializing ProtocolHandler ["http-nio-8080"]
2023-04-19 08:09:58.195 INFO  o.a.catalina.core.StandardService - Starting service [Tomcat]
2023-04-19 08:09:58.196 INFO  o.a.catalina.core.StandardEngine - Starting Servlet engine: [Apache Tomcat/10.1.5]
2023-04-19 08:09:58.326 INFO  o.a.c.c.C.[Tomcat].[localhost].[/] - Initializing Spring embedded WebApplicationContext
2023-04-19 08:09:58.326 INFO  o.s.b.w.s.c.ServletWebServerApplicationContext - Root WebApplicationContext: initialization completed in 2186 ms
2023-04-19 08:09:58.632 INFO  o.h.jpa.internal.util.LogHelper - HHH000204: Processing PersistenceUnitInfo [name: default]
2023-04-19 08:09:58.753 INFO  org.hibernate.Version - HHH000412: Hibernate ORM core version 6.1.7.Final
2023-04-19 08:09:58.992 WARN  org.hibernate.orm.deprecation - HHH90000021: Encountered deprecated setting [javax.persistence.validation.mode], use [jakarta.persistence.validation.mode] instead
2023-04-19 08:09:59.201 INFO  com.zaxxer.hikari.HikariDataSource - HikariPool-1 - Starting...
2023-04-19 08:09:59.390 INFO  com.zaxxer.hikari.pool.HikariPool - HikariPool-1 - Added connection com.mysql.cj.jdbc.ConnectionImpl@11148dc2
2023-04-19 08:09:59.393 INFO  com.zaxxer.hikari.HikariDataSource - HikariPool-1 - Start completed.
2023-04-19 08:09:59.451 INFO  SQL dialect - HHH000400: Using dialect: org.hibernate.dialect.MySQLDialect
2023-04-19 08:10:00.380 INFO  o.h.e.t.j.p.i.JtaPlatformInitiator - HHH000490: Using JtaPlatform implementation: [org.hibernate.engine.transaction.jta.platform.internal.NoJtaPlatform]
2023-04-19 08:10:00.389 INFO  o.s.o.j.LocalContainerEntityManagerFactoryBean - Initialized JPA EntityManagerFactory for persistence unit 'default'
2023-04-19 08:10:00.859 WARN  o.s.b.a.o.j.JpaBaseConfiguration$JpaWebConfiguration - spring.jpa.open-in-view is enabled by default. Therefore, database queries may be performed during view rendering. Explicitly configure spring.jpa.open-in-view to disable this warning
2023-04-19 08:10:01.236 DEBUG o.s.w.s.m.m.a.RequestMappingHandlerMapping - 18 mappings in 'requestMappingHandlerMapping'
2023-04-19 08:10:02.311 DEBUG o.s.w.s.h.SimpleUrlHandlerMapping - Patterns [/webjars/**, /static/**, /swagger-ui*/*swagger-initializer.js, /swagger-ui*/**] in 'resourceHandlerMapping'
2023-04-19 08:10:02.314 INFO  o.s.s.web.DefaultSecurityFilterChain - Will secure any request with [org.springframework.security.web.session.DisableEncodeUrlFilter@705eb026, org.springframework.security.web.context.request.async.WebAsyncManagerIntegrationFilter@8de4206, org.springframework.security.web.context.SecurityContextHolderFilter@29ae2517, org.springframework.security.web.header.HeaderWriterFilter@7fa8fff, org.springframework.web.filter.CorsFilter@10f384a2, org.springframework.security.web.authentication.logout.LogoutFilter@347f8029, org.springframework.security.web.authentication.www.BasicAuthenticationFilter@7df23848, org.springframework.security.web.savedrequest.RequestCacheAwareFilter@254d8ef6, org.springframework.security.web.servletapi.SecurityContextHolderAwareRequestFilter@2a9e7b4d, org.springframework.security.web.authentication.AnonymousAuthenticationFilter@57fae911, org.springframework.security.web.access.ExceptionTranslationFilter@180fb796, org.springframework.security.web.access.intercept.FilterSecurityInterceptor@443b6765]
2023-04-19 08:10:02.318 WARN  o.s.s.c.a.web.builders.WebSecurity - You are asking Spring Security to ignore Ant [pattern='/static/**']. This is not recommended -- please use permitAll via HttpSecurity#authorizeHttpRequests instead.
2023-04-19 08:10:02.318 INFO  o.s.s.web.DefaultSecurityFilterChain - Will not secure Ant [pattern='/static/**']
2023-04-19 08:10:02.398 DEBUG o.s.w.s.m.m.a.RequestMappingHandlerAdapter - ControllerAdvice beans: 0 @ModelAttribute, 0 @InitBinder, 1 RequestBodyAdvice, 1 ResponseBodyAdvice
2023-04-19 08:10:02.434 DEBUG o.s.w.s.m.m.a.ExceptionHandlerExceptionResolver - ControllerAdvice beans: 1 @ExceptionHandler, 1 ResponseBodyAdvice
2023-04-19 08:10:02.581 INFO  o.a.coyote.http11.Http11NioProtocol - Starting ProtocolHandler ["http-nio-8080"]
2023-04-19 08:10:02.639 INFO  o.s.b.w.e.tomcat.TomcatWebServer - Tomcat started on port(s): 8080 (http) with context path ''
2023-04-19 08:10:02.664 INFO  c.i.i.InstituteManagementSystemApplication - Started InstituteManagementSystemApplication in 7.104 seconds (process running for 8.049)
2023-04-19 08:11:24.071 INFO  o.s.o.j.LocalContainerEntityManagerFactoryBean - Closing JPA EntityManagerFactory for persistence unit 'default'
2023-04-19 08:11:24.071 INFO  com.zaxxer.hikari.HikariDataSource - HikariPool-1 - Shutdown initiated...
2023-04-19 08:11:24.097 INFO  com.zaxxer.hikari.HikariDataSource - HikariPool-1 - Shutdown completed.
2023-04-19 08:11:28.421 INFO  o.h.validator.internal.util.Version - HV000001: Hibernate Validator 8.0.0.Final
2023-04-19 08:11:28.497 INFO  c.i.i.InstituteManagementSystemApplication - Starting InstituteManagementSystemApplication using Java 17.0.2 with PID 16048 (C:\Users\LAP-9\Documents\FrontEndArea\institute-management-system\institute-management-system\target\classes started by LAP-9 in C:\Users\LAP-9\Documents\FrontEndArea\institute-management-system\institute-management-system)
2023-04-19 08:11:28.497 INFO  c.i.i.InstituteManagementSystemApplication - No active profile set, falling back to 1 default profile: "default"
2023-04-19 08:11:29.776 INFO  o.s.d.r.c.RepositoryConfigurationDelegate - Bootstrapping Spring Data JPA repositories in DEFAULT mode.
2023-04-19 08:11:29.869 INFO  o.s.d.r.c.RepositoryConfigurationDelegate - Finished Spring Data repository scanning in 87 ms. Found 2 JPA repository interfaces.
2023-04-19 08:11:30.814 INFO  o.s.b.w.e.tomcat.TomcatWebServer - Tomcat initialized with port(s): 8080 (http)
2023-04-19 08:11:30.830 INFO  o.a.coyote.http11.Http11NioProtocol - Initializing ProtocolHandler ["http-nio-8080"]
2023-04-19 08:11:30.830 INFO  o.a.catalina.core.StandardService - Starting service [Tomcat]
2023-04-19 08:11:30.830 INFO  o.a.catalina.core.StandardEngine - Starting Servlet engine: [Apache Tomcat/10.1.5]
2023-04-19 08:11:30.940 INFO  o.a.c.c.C.[Tomcat].[localhost].[/] - Initializing Spring embedded WebApplicationContext
2023-04-19 08:11:30.940 INFO  o.s.b.w.s.c.ServletWebServerApplicationContext - Root WebApplicationContext: initialization completed in 2354 ms
2023-04-19 08:11:31.132 INFO  o.h.jpa.internal.util.LogHelper - HHH000204: Processing PersistenceUnitInfo [name: default]
2023-04-19 08:11:31.226 INFO  org.hibernate.Version - HHH000412: Hibernate ORM core version 6.1.7.Final
2023-04-19 08:11:31.415 WARN  org.hibernate.orm.deprecation - HHH90000021: Encountered deprecated setting [javax.persistence.validation.mode], use [jakarta.persistence.validation.mode] instead
2023-04-19 08:11:31.593 INFO  com.zaxxer.hikari.HikariDataSource - HikariPool-1 - Starting...
2023-04-19 08:11:31.793 INFO  com.zaxxer.hikari.pool.HikariPool - HikariPool-1 - Added connection com.mysql.cj.jdbc.ConnectionImpl@1930a804
2023-04-19 08:11:31.793 INFO  com.zaxxer.hikari.HikariDataSource - HikariPool-1 - Start completed.
2023-04-19 08:11:31.840 INFO  SQL dialect - HHH000400: Using dialect: org.hibernate.dialect.MySQLDialect
2023-04-19 08:11:32.714 INFO  o.h.e.t.j.p.i.JtaPlatformInitiator - HHH000490: Using JtaPlatform implementation: [org.hibernate.engine.transaction.jta.platform.internal.NoJtaPlatform]
2023-04-19 08:11:32.730 INFO  o.s.o.j.LocalContainerEntityManagerFactoryBean - Initialized JPA EntityManagerFactory for persistence unit 'default'
2023-04-19 08:11:33.386 WARN  o.s.b.a.o.j.JpaBaseConfiguration$JpaWebConfiguration - spring.jpa.open-in-view is enabled by default. Therefore, database queries may be performed during view rendering. Explicitly configure spring.jpa.open-in-view to disable this warning
2023-04-19 08:11:33.676 DEBUG o.s.w.s.m.m.a.RequestMappingHandlerMapping - 18 mappings in 'requestMappingHandlerMapping'
2023-04-19 08:11:34.620 DEBUG o.s.w.s.h.SimpleUrlHandlerMapping - Patterns [/webjars/**, /static/**, /swagger-ui*/*swagger-initializer.js, /swagger-ui*/**] in 'resourceHandlerMapping'
2023-04-19 08:11:34.625 INFO  o.s.s.web.DefaultSecurityFilterChain - Will secure any request with [org.springframework.security.web.session.DisableEncodeUrlFilter@7f839ec5, org.springframework.security.web.context.request.async.WebAsyncManagerIntegrationFilter@23f539df, org.springframework.security.web.context.SecurityContextHolderFilter@11896124, org.springframework.security.web.header.HeaderWriterFilter@270be080, org.springframework.web.filter.CorsFilter@b859355, org.springframework.security.web.authentication.logout.LogoutFilter@5400db7e, org.springframework.security.web.authentication.www.BasicAuthenticationFilter@fa689db, org.springframework.security.web.savedrequest.RequestCacheAwareFilter@633cad4d, org.springframework.security.web.servletapi.SecurityContextHolderAwareRequestFilter@15c3585, org.springframework.security.web.authentication.AnonymousAuthenticationFilter@1f24e33d, org.springframework.security.web.access.ExceptionTranslationFilter@623ded82, org.springframework.security.web.access.intercept.FilterSecurityInterceptor@34c07ecc]
2023-04-19 08:11:34.628 WARN  o.s.s.c.a.web.builders.WebSecurity - You are asking Spring Security to ignore Ant [pattern='/static/**']. This is not recommended -- please use permitAll via HttpSecurity#authorizeHttpRequests instead.
2023-04-19 08:11:34.628 INFO  o.s.s.web.DefaultSecurityFilterChain - Will not secure Ant [pattern='/static/**']
2023-04-19 08:11:34.688 DEBUG o.s.w.s.m.m.a.RequestMappingHandlerAdapter - ControllerAdvice beans: 0 @ModelAttribute, 0 @InitBinder, 1 RequestBodyAdvice, 1 ResponseBodyAdvice
2023-04-19 08:11:34.723 DEBUG o.s.w.s.m.m.a.ExceptionHandlerExceptionResolver - ControllerAdvice beans: 1 @ExceptionHandler, 1 ResponseBodyAdvice
2023-04-19 08:11:34.868 INFO  o.a.coyote.http11.Http11NioProtocol - Starting ProtocolHandler ["http-nio-8080"]
2023-04-19 08:11:34.892 INFO  o.s.b.w.e.tomcat.TomcatWebServer - Tomcat started on port(s): 8080 (http) with context path ''
2023-04-19 08:11:34.905 INFO  c.i.i.InstituteManagementSystemApplication - Started InstituteManagementSystemApplication in 6.946 seconds (process running for 7.762)
2023-04-19 08:11:52.411 INFO  o.a.c.c.C.[Tomcat].[localhost].[/] - Initializing Spring DispatcherServlet 'dispatcherServlet'
2023-04-19 08:11:52.412 INFO  o.s.web.servlet.DispatcherServlet - Initializing Servlet 'dispatcherServlet'
2023-04-19 08:11:52.413 DEBUG o.s.web.servlet.DispatcherServlet - Detected StandardServletMultipartResolver
2023-04-19 08:11:52.413 DEBUG o.s.web.servlet.DispatcherServlet - Detected AcceptHeaderLocaleResolver
2023-04-19 08:11:52.413 DEBUG o.s.web.servlet.DispatcherServlet - Detected FixedThemeResolver
2023-04-19 08:11:52.415 DEBUG o.s.web.servlet.DispatcherServlet - Detected org.springframework.web.servlet.view.DefaultRequestToViewNameTranslator@5b53c3c5
2023-04-19 08:11:52.416 DEBUG o.s.web.servlet.DispatcherServlet - Detected org.springframework.web.servlet.support.SessionFlashMapManager@3c62c81f
2023-04-19 08:11:52.416 DEBUG o.s.web.servlet.DispatcherServlet - enableLoggingRequestDetails='false': request parameters and headers will be masked to prevent unsafe logging of potentially sensitive data
2023-04-19 08:11:52.416 INFO  o.s.web.servlet.DispatcherServlet - Completed initialization in 3 ms
2023-04-19 08:11:52.458 DEBUG o.s.w.s.m.m.a.RequestMappingHandlerMapping - Mapped to com.ims.institutemanagementsystem.controller.TeacherController#getTeachers()
2023-04-19 08:11:52.475 DEBUG o.s.w.s.m.m.a.RequestMappingHandlerMapping - Mapped to com.ims.institutemanagementsystem.controller.TeacherController#getTeachers()
2023-04-19 08:11:52.672 DEBUG o.s.web.servlet.DispatcherServlet - GET "/api/teacher", parameters={}
2023-04-19 08:11:52.674 DEBUG o.s.w.s.m.m.a.RequestMappingHandlerMapping - Mapped to com.ims.institutemanagementsystem.controller.TeacherController#getTeachers()
2023-04-19 08:11:52.701 INFO  c.i.i.service.TeacherService - Getting all the teachers
2023-04-19 08:11:52.863 DEBUG o.s.w.s.m.m.a.HttpEntityMethodProcessor - Using 'application/json', given [*/*] and supported [application/json, application/*+json]
2023-04-19 08:11:52.865 DEBUG o.s.w.s.m.m.a.HttpEntityMethodProcessor - Writing [[com.ims.institutemanagementsystem.model.Teacher@3da6cf45]]
2023-04-19 08:11:52.912 DEBUG o.s.web.servlet.DispatcherServlet - Completed 200 OK
2023-04-19 08:12:57.630 INFO  o.s.o.j.LocalContainerEntityManagerFactoryBean - Closing JPA EntityManagerFactory for persistence unit 'default'
2023-04-19 08:12:57.634 INFO  com.zaxxer.hikari.HikariDataSource - HikariPool-1 - Shutdown initiated...
2023-04-19 08:12:57.647 INFO  com.zaxxer.hikari.HikariDataSource - HikariPool-1 - Shutdown completed.
2023-04-19 08:13:01.117 INFO  o.h.validator.internal.util.Version - HV000001: Hibernate Validator 8.0.0.Final
2023-04-19 08:13:01.179 INFO  c.i.i.InstituteManagementSystemApplication - Starting InstituteManagementSystemApplication using Java 17.0.2 with PID 16064 (C:\Users\LAP-9\Documents\FrontEndArea\institute-management-system\institute-management-system\target\classes started by LAP-9 in C:\Users\LAP-9\Documents\FrontEndArea\institute-management-system\institute-management-system)
2023-04-19 08:13:01.181 INFO  c.i.i.InstituteManagementSystemApplication - No active profile set, falling back to 1 default profile: "default"
2023-04-19 08:13:02.216 INFO  o.s.d.r.c.RepositoryConfigurationDelegate - Bootstrapping Spring Data JPA repositories in DEFAULT mode.
2023-04-19 08:13:02.297 INFO  o.s.d.r.c.RepositoryConfigurationDelegate - Finished Spring Data repository scanning in 71 ms. Found 2 JPA repository interfaces.
2023-04-19 08:13:03.409 INFO  o.s.b.w.e.tomcat.TomcatWebServer - Tomcat initialized with port(s): 8080 (http)
2023-04-19 08:13:03.420 INFO  o.a.coyote.http11.Http11NioProtocol - Initializing ProtocolHandler ["http-nio-8080"]
2023-04-19 08:13:03.421 INFO  o.a.catalina.core.StandardService - Starting service [Tomcat]
2023-04-19 08:13:03.422 INFO  o.a.catalina.core.StandardEngine - Starting Servlet engine: [Apache Tomcat/10.1.5]
2023-04-19 08:13:03.546 INFO  o.a.c.c.C.[Tomcat].[localhost].[/] - Initializing Spring embedded WebApplicationContext
2023-04-19 08:13:03.546 INFO  o.s.b.w.s.c.ServletWebServerApplicationContext - Root WebApplicationContext: initialization completed in 2295 ms
2023-04-19 08:13:03.783 INFO  o.h.jpa.internal.util.LogHelper - HHH000204: Processing PersistenceUnitInfo [name: default]
2023-04-19 08:13:03.855 INFO  org.hibernate.Version - HHH000412: Hibernate ORM core version 6.1.7.Final
2023-04-19 08:13:04.074 WARN  org.hibernate.orm.deprecation - HHH90000021: Encountered deprecated setting [javax.persistence.validation.mode], use [jakarta.persistence.validation.mode] instead
2023-04-19 08:13:04.280 INFO  com.zaxxer.hikari.HikariDataSource - HikariPool-1 - Starting...
2023-04-19 08:13:04.492 INFO  com.zaxxer.hikari.pool.HikariPool - HikariPool-1 - Added connection com.mysql.cj.jdbc.ConnectionImpl@4efb13f1
2023-04-19 08:13:04.495 INFO  com.zaxxer.hikari.HikariDataSource - HikariPool-1 - Start completed.
2023-04-19 08:13:04.558 INFO  SQL dialect - HHH000400: Using dialect: org.hibernate.dialect.MySQLDialect
2023-04-19 08:13:05.428 INFO  o.h.e.t.j.p.i.JtaPlatformInitiator - HHH000490: Using JtaPlatform implementation: [org.hibernate.engine.transaction.jta.platform.internal.NoJtaPlatform]
2023-04-19 08:13:05.443 INFO  o.s.o.j.LocalContainerEntityManagerFactoryBean - Initialized JPA EntityManagerFactory for persistence unit 'default'
2023-04-19 08:13:06.079 WARN  o.s.b.a.o.j.JpaBaseConfiguration$JpaWebConfiguration - spring.jpa.open-in-view is enabled by default. Therefore, database queries may be performed during view rendering. Explicitly configure spring.jpa.open-in-view to disable this warning
2023-04-19 08:13:06.409 DEBUG o.s.w.s.m.m.a.RequestMappingHandlerMapping - 18 mappings in 'requestMappingHandlerMapping'
2023-04-19 08:13:07.553 DEBUG o.s.w.s.h.SimpleUrlHandlerMapping - Patterns [/webjars/**, /static/**, /swagger-ui*/*swagger-initializer.js, /swagger-ui*/**] in 'resourceHandlerMapping'
2023-04-19 08:13:07.563 INFO  o.s.s.web.DefaultSecurityFilterChain - Will secure any request with [org.springframework.security.web.session.DisableEncodeUrlFilter@360d3f47, org.springframework.security.web.context.request.async.WebAsyncManagerIntegrationFilter@1693d505, org.springframework.security.web.context.SecurityContextHolderFilter@23ee92df, org.springframework.security.web.header.HeaderWriterFilter@448fa659, org.springframework.web.filter.CorsFilter@3d195d15, org.springframework.security.web.authentication.logout.LogoutFilter@558575fe, org.springframework.security.web.authentication.www.BasicAuthenticationFilter@219a2203, org.springframework.security.web.savedrequest.RequestCacheAwareFilter@4b1b2255, org.springframework.security.web.servletapi.SecurityContextHolderAwareRequestFilter@4965454c, org.springframework.security.web.authentication.AnonymousAuthenticationFilter@17b387ef, org.springframework.security.web.access.ExceptionTranslationFilter@29c21acb, org.springframework.security.web.access.intercept.FilterSecurityInterceptor@b791e6e]
2023-04-19 08:13:07.573 WARN  o.s.s.c.a.web.builders.WebSecurity - You are asking Spring Security to ignore Ant [pattern='/static/**']. This is not recommended -- please use permitAll via HttpSecurity#authorizeHttpRequests instead.
2023-04-19 08:13:07.573 INFO  o.s.s.web.DefaultSecurityFilterChain - Will not secure Ant [pattern='/static/**']
2023-04-19 08:13:07.653 DEBUG o.s.w.s.m.m.a.RequestMappingHandlerAdapter - ControllerAdvice beans: 0 @ModelAttribute, 0 @InitBinder, 1 RequestBodyAdvice, 1 ResponseBodyAdvice
2023-04-19 08:13:07.697 DEBUG o.s.w.s.m.m.a.ExceptionHandlerExceptionResolver - ControllerAdvice beans: 1 @ExceptionHandler, 1 ResponseBodyAdvice
2023-04-19 08:13:07.936 INFO  o.a.coyote.http11.Http11NioProtocol - Starting ProtocolHandler ["http-nio-8080"]
2023-04-19 08:13:07.984 INFO  o.s.b.w.e.tomcat.TomcatWebServer - Tomcat started on port(s): 8080 (http) with context path ''
2023-04-19 08:13:08.003 INFO  c.i.i.InstituteManagementSystemApplication - Started InstituteManagementSystemApplication in 7.305 seconds (process running for 8.157)
2023-04-19 08:13:40.495 INFO  o.a.c.c.C.[Tomcat].[localhost].[/] - Initializing Spring DispatcherServlet 'dispatcherServlet'
2023-04-19 08:13:40.500 INFO  o.s.web.servlet.DispatcherServlet - Initializing Servlet 'dispatcherServlet'
2023-04-19 08:13:40.500 DEBUG o.s.web.servlet.DispatcherServlet - Detected StandardServletMultipartResolver
2023-04-19 08:13:40.500 DEBUG o.s.web.servlet.DispatcherServlet - Detected AcceptHeaderLocaleResolver
2023-04-19 08:13:40.500 DEBUG o.s.web.servlet.DispatcherServlet - Detected FixedThemeResolver
2023-04-19 08:13:40.502 DEBUG o.s.web.servlet.DispatcherServlet - Detected org.springframework.web.servlet.view.DefaultRequestToViewNameTranslator@1c7fd2e0
2023-04-19 08:13:40.502 DEBUG o.s.web.servlet.DispatcherServlet - Detected org.springframework.web.servlet.support.SessionFlashMapManager@6705fb02
2023-04-19 08:13:40.502 DEBUG o.s.web.servlet.DispatcherServlet - enableLoggingRequestDetails='false': request parameters and headers will be masked to prevent unsafe logging of potentially sensitive data
2023-04-19 08:13:40.502 INFO  o.s.web.servlet.DispatcherServlet - Completed initialization in 2 ms
2023-04-19 08:13:40.557 DEBUG o.s.w.s.m.m.a.RequestMappingHandlerMapping - Mapped to com.ims.institutemanagementsystem.controller.TeacherController#getTeachers()
2023-04-19 08:13:40.622 DEBUG o.s.w.s.m.m.a.RequestMappingHandlerMapping - Mapped to com.ims.institutemanagementsystem.controller.TeacherController#getTeachers()
2023-04-19 08:13:41.057 DEBUG o.s.web.servlet.DispatcherServlet - GET "/api/teacher", parameters={}
2023-04-19 08:13:41.057 DEBUG o.s.w.s.m.m.a.RequestMappingHandlerMapping - Mapped to com.ims.institutemanagementsystem.controller.TeacherController#getTeachers()
2023-04-19 08:13:41.076 INFO  c.i.i.service.TeacherService - Getting all the teachers
2023-04-19 08:13:41.462 DEBUG o.s.w.s.m.m.a.HttpEntityMethodProcessor - Using 'application/json', given [*/*] and supported [application/json, application/*+json]
2023-04-19 08:13:41.465 DEBUG o.s.w.s.m.m.a.HttpEntityMethodProcessor - Writing [[com.ims.institutemanagementsystem.model.Teacher@3da6cf45]]
2023-04-19 08:13:41.557 DEBUG o.s.web.servlet.DispatcherServlet - Completed 200 OK
2023-04-19 08:14:03.177 DEBUG o.s.w.s.m.m.a.RequestMappingHandlerMapping - Mapped to com.ims.institutemanagementsystem.controller.StudentController#getStudent(int)
2023-04-19 08:14:03.185 DEBUG o.s.w.s.m.m.a.RequestMappingHandlerMapping - Mapped to com.ims.institutemanagementsystem.controller.StudentController#getStudent(int)
2023-04-19 08:14:03.414 DEBUG o.s.web.servlet.DispatcherServlet - GET "/api/student/2", parameters={}
2023-04-19 08:14:03.414 DEBUG o.s.w.s.m.m.a.RequestMappingHandlerMapping - Mapped to com.ims.institutemanagementsystem.controller.StudentController#getStudent(int)
2023-04-19 08:14:03.513 DEBUG o.s.w.s.m.m.a.HttpEntityMethodProcessor - Using 'application/json', given [*/*] and supported [application/json, application/*+json]
2023-04-19 08:14:03.513 DEBUG o.s.w.s.m.m.a.HttpEntityMethodProcessor - Writing [com.ims.institutemanagementsystem.model.Student@1c31e539]
2023-04-19 08:14:03.515 DEBUG o.s.web.servlet.DispatcherServlet - Completed 200 OK
2023-04-19 08:14:09.505 DEBUG o.s.w.s.m.m.a.RequestMappingHandlerMapping - Mapped to com.ims.institutemanagementsystem.controller.StudentController#getStudent(int)
2023-04-19 08:14:09.508 DEBUG o.s.w.s.m.m.a.RequestMappingHandlerMapping - Mapped to com.ims.institutemanagementsystem.controller.StudentController#getStudent(int)
2023-04-19 08:14:09.749 DEBUG o.s.web.servlet.DispatcherServlet - GET "/api/student/3", parameters={}
2023-04-19 08:14:09.749 DEBUG o.s.w.s.m.m.a.RequestMappingHandlerMapping - Mapped to com.ims.institutemanagementsystem.controller.StudentController#getStudent(int)
2023-04-19 08:14:09.757 DEBUG o.s.w.s.m.m.a.HttpEntityMethodProcessor - Using 'application/json', given [*/*] and supported [application/json, application/*+json]
2023-04-19 08:14:09.757 DEBUG o.s.w.s.m.m.a.HttpEntityMethodProcessor - Writing [com.ims.institutemanagementsystem.model.Student@47403924]
2023-04-19 08:14:09.767 DEBUG o.s.web.servlet.DispatcherServlet - Completed 200 OK
2023-04-19 08:14:14.618 DEBUG o.s.w.s.m.m.a.RequestMappingHandlerMapping - Mapped to com.ims.institutemanagementsystem.controller.StudentController#getStudent(int)
2023-04-19 08:14:14.626 DEBUG o.s.w.s.m.m.a.RequestMappingHandlerMapping - Mapped to com.ims.institutemanagementsystem.controller.StudentController#getStudent(int)
2023-04-19 08:14:14.816 DEBUG o.s.web.servlet.DispatcherServlet - GET "/api/student/4", parameters={}
2023-04-19 08:14:14.816 DEBUG o.s.w.s.m.m.a.RequestMappingHandlerMapping - Mapped to com.ims.institutemanagementsystem.controller.StudentController#getStudent(int)
2023-04-19 08:14:14.836 DEBUG o.s.w.s.m.m.a.HttpEntityMethodProcessor - Using 'application/json', given [*/*] and supported [application/json, application/*+json]
2023-04-19 08:14:14.836 DEBUG o.s.w.s.m.m.a.HttpEntityMethodProcessor - Writing [com.ims.institutemanagementsystem.model.Student@2eeef2b0]
2023-04-19 08:14:14.836 DEBUG o.s.web.servlet.DispatcherServlet - Completed 200 OK
2023-04-19 08:22:20.559 INFO  o.s.o.j.LocalContainerEntityManagerFactoryBean - Closing JPA EntityManagerFactory for persistence unit 'default'
2023-04-19 08:22:20.563 INFO  com.zaxxer.hikari.HikariDataSource - HikariPool-1 - Shutdown initiated...
2023-04-19 08:22:20.574 INFO  com.zaxxer.hikari.HikariDataSource - HikariPool-1 - Shutdown completed.
2023-04-19 08:39:53.691 INFO  o.h.validator.internal.util.Version - HV000001: Hibernate Validator 8.0.0.Final
2023-04-19 08:39:53.742 INFO  c.i.i.InstituteManagementSystemApplication - Starting InstituteManagementSystemApplication using Java 17.0.2 with PID 7836 (C:\Users\LAP-9\Documents\FrontEndArea\institute-management-system\institute-management-system\target\classes started by LAP-9 in C:\Users\LAP-9\Documents\FrontEndArea\institute-management-system\institute-management-system)
2023-04-19 08:39:53.743 INFO  c.i.i.InstituteManagementSystemApplication - No active profile set, falling back to 1 default profile: "default"
2023-04-19 08:39:54.834 INFO  o.s.d.r.c.RepositoryConfigurationDelegate - Bootstrapping Spring Data JPA repositories in DEFAULT mode.
2023-04-19 08:39:54.916 INFO  o.s.d.r.c.RepositoryConfigurationDelegate - Finished Spring Data repository scanning in 61 ms. Found 2 JPA repository interfaces.
2023-04-19 08:39:55.748 INFO  o.s.b.w.e.tomcat.TomcatWebServer - Tomcat initialized with port(s): 8080 (http)
2023-04-19 08:39:55.771 INFO  o.a.coyote.http11.Http11NioProtocol - Initializing ProtocolHandler ["http-nio-8080"]
2023-04-19 08:39:55.772 INFO  o.a.catalina.core.StandardService - Starting service [Tomcat]
2023-04-19 08:39:55.773 INFO  o.a.catalina.core.StandardEngine - Starting Servlet engine: [Apache Tomcat/10.1.5]
2023-04-19 08:39:55.901 INFO  o.a.c.c.C.[Tomcat].[localhost].[/] - Initializing Spring embedded WebApplicationContext
2023-04-19 08:39:55.902 INFO  o.s.b.w.s.c.ServletWebServerApplicationContext - Root WebApplicationContext: initialization completed in 2099 ms
2023-04-19 08:39:56.133 INFO  o.h.jpa.internal.util.LogHelper - HHH000204: Processing PersistenceUnitInfo [name: default]
2023-04-19 08:39:56.223 INFO  org.hibernate.Version - HHH000412: Hibernate ORM core version 6.1.7.Final
2023-04-19 08:39:56.431 WARN  org.hibernate.orm.deprecation - HHH90000021: Encountered deprecated setting [javax.persistence.validation.mode], use [jakarta.persistence.validation.mode] instead
2023-04-19 08:39:56.640 INFO  com.zaxxer.hikari.HikariDataSource - HikariPool-1 - Starting...
2023-04-19 08:39:56.858 INFO  com.zaxxer.hikari.pool.HikariPool - HikariPool-1 - Added connection com.mysql.cj.jdbc.ConnectionImpl@3be80ece
2023-04-19 08:39:56.861 INFO  com.zaxxer.hikari.HikariDataSource - HikariPool-1 - Start completed.
2023-04-19 08:39:56.923 INFO  SQL dialect - HHH000400: Using dialect: org.hibernate.dialect.MySQLDialect
2023-04-19 08:39:57.857 INFO  o.h.e.t.j.p.i.JtaPlatformInitiator - HHH000490: Using JtaPlatform implementation: [org.hibernate.engine.transaction.jta.platform.internal.NoJtaPlatform]
2023-04-19 08:39:57.872 INFO  o.s.o.j.LocalContainerEntityManagerFactoryBean - Initialized JPA EntityManagerFactory for persistence unit 'default'
2023-04-19 08:39:58.417 WARN  o.s.b.a.o.j.JpaBaseConfiguration$JpaWebConfiguration - spring.jpa.open-in-view is enabled by default. Therefore, database queries may be performed during view rendering. Explicitly configure spring.jpa.open-in-view to disable this warning
2023-04-19 08:39:58.709 DEBUG o.s.w.s.m.m.a.RequestMappingHandlerMapping - 18 mappings in 'requestMappingHandlerMapping'
2023-04-19 08:39:59.760 DEBUG o.s.w.s.h.SimpleUrlHandlerMapping - Patterns [/webjars/**, /static/**, /swagger-ui*/*swagger-initializer.js, /swagger-ui*/**] in 'resourceHandlerMapping'
2023-04-19 08:39:59.771 INFO  o.s.s.web.DefaultSecurityFilterChain - Will secure any request with [org.springframework.security.web.session.DisableEncodeUrlFilter@8de4206, org.springframework.security.web.context.request.async.WebAsyncManagerIntegrationFilter@10f384a2, org.springframework.security.web.context.SecurityContextHolderFilter@7a78d2aa, org.springframework.security.web.header.HeaderWriterFilter@4423692a, org.springframework.web.filter.CorsFilter@57fae911, org.springframework.security.web.authentication.logout.LogoutFilter@3f78a5ed, org.springframework.security.web.authentication.www.BasicAuthenticationFilter@1b120d48, org.springframework.security.web.savedrequest.RequestCacheAwareFilter@2a9e7b4d, org.springframework.security.web.servletapi.SecurityContextHolderAwareRequestFilter@72406594, org.springframework.security.web.authentication.AnonymousAuthenticationFilter@52a0bc48, org.springframework.security.web.access.ExceptionTranslationFilter@79ae3fb1, org.springframework.security.web.access.intercept.FilterSecurityInterceptor@a72925]
2023-04-19 08:39:59.776 WARN  o.s.s.c.a.web.builders.WebSecurity - You are asking Spring Security to ignore Ant [pattern='/static/**']. This is not recommended -- please use permitAll via HttpSecurity#authorizeHttpRequests instead.
2023-04-19 08:39:59.776 INFO  o.s.s.web.DefaultSecurityFilterChain - Will not secure Ant [pattern='/static/**']
2023-04-19 08:39:59.968 DEBUG o.s.w.s.m.m.a.RequestMappingHandlerAdapter - ControllerAdvice beans: 0 @ModelAttribute, 0 @InitBinder, 1 RequestBodyAdvice, 1 ResponseBodyAdvice
2023-04-19 08:40:00.047 DEBUG o.s.w.s.m.m.a.ExceptionHandlerExceptionResolver - ControllerAdvice beans: 1 @ExceptionHandler, 1 ResponseBodyAdvice
2023-04-19 08:40:00.272 INFO  o.a.coyote.http11.Http11NioProtocol - Starting ProtocolHandler ["http-nio-8080"]
2023-04-19 08:40:00.322 INFO  o.s.b.w.e.tomcat.TomcatWebServer - Tomcat started on port(s): 8080 (http) with context path ''
2023-04-19 08:40:00.342 INFO  c.i.i.InstituteManagementSystemApplication - Started InstituteManagementSystemApplication in 7.042 seconds (process running for 7.91)
2023-04-19 08:40:13.371 INFO  o.a.c.c.C.[Tomcat].[localhost].[/] - Initializing Spring DispatcherServlet 'dispatcherServlet'
2023-04-19 08:40:13.371 INFO  o.s.web.servlet.DispatcherServlet - Initializing Servlet 'dispatcherServlet'
2023-04-19 08:40:13.371 DEBUG o.s.web.servlet.DispatcherServlet - Detected StandardServletMultipartResolver
2023-04-19 08:40:13.371 DEBUG o.s.web.servlet.DispatcherServlet - Detected AcceptHeaderLocaleResolver
2023-04-19 08:40:13.371 DEBUG o.s.web.servlet.DispatcherServlet - Detected FixedThemeResolver
2023-04-19 08:40:13.387 DEBUG o.s.web.servlet.DispatcherServlet - Detected org.springframework.web.servlet.view.DefaultRequestToViewNameTranslator@7c919e1e
2023-04-19 08:40:13.387 DEBUG o.s.web.servlet.DispatcherServlet - Detected org.springframework.web.servlet.support.SessionFlashMapManager@13552290
2023-04-19 08:40:13.387 DEBUG o.s.web.servlet.DispatcherServlet - enableLoggingRequestDetails='false': request parameters and headers will be masked to prevent unsafe logging of potentially sensitive data
2023-04-19 08:40:13.387 INFO  o.s.web.servlet.DispatcherServlet - Completed initialization in 16 ms
2023-04-19 08:40:13.440 DEBUG o.s.w.s.m.m.a.RequestMappingHandlerMapping - Mapped to com.ims.institutemanagementsystem.controller.TeacherController#getTeachers()
2023-04-19 08:40:13.473 DEBUG o.s.w.s.m.m.a.RequestMappingHandlerMapping - Mapped to com.ims.institutemanagementsystem.controller.TeacherController#getTeachers()
2023-04-19 08:40:13.941 DEBUG o.s.web.servlet.DispatcherServlet - GET "/api/teacher", parameters={}
2023-04-19 08:40:13.953 DEBUG o.s.w.s.m.m.a.RequestMappingHandlerMapping - Mapped to com.ims.institutemanagementsystem.controller.TeacherController#getTeachers()
2023-04-19 08:40:14.003 INFO  c.i.i.service.TeacherService - Getting all the teachers
2023-04-19 08:40:14.350 DEBUG o.s.w.s.m.m.a.HttpEntityMethodProcessor - Using 'application/json', given [*/*] and supported [application/json, application/*+json]
2023-04-19 08:40:14.356 DEBUG o.s.w.s.m.m.a.HttpEntityMethodProcessor - Writing [[com.ims.institutemanagementsystem.model.Teacher@3171b973]]
2023-04-19 08:40:14.443 DEBUG o.s.web.servlet.DispatcherServlet - Completed 200 OK
2023-04-19 08:40:28.184 DEBUG o.s.w.s.m.m.a.RequestMappingHandlerMapping - Mapped to com.ims.institutemanagementsystem.controller.StudentController#getStudent(int)
2023-04-19 08:40:28.190 DEBUG o.s.w.s.m.m.a.RequestMappingHandlerMapping - Mapped to com.ims.institutemanagementsystem.controller.StudentController#getStudent(int)
2023-04-19 08:40:28.398 DEBUG o.s.web.servlet.DispatcherServlet - GET "/api/student/2", parameters={}
2023-04-19 08:40:28.398 DEBUG o.s.w.s.m.m.a.RequestMappingHandlerMapping - Mapped to com.ims.institutemanagementsystem.controller.StudentController#getStudent(int)
2023-04-19 08:40:28.491 DEBUG o.s.w.s.m.m.a.HttpEntityMethodProcessor - Using 'application/json', given [*/*] and supported [application/json, application/*+json]
2023-04-19 08:40:28.491 DEBUG o.s.w.s.m.m.a.HttpEntityMethodProcessor - Writing [com.ims.institutemanagementsystem.model.Student@1c31e539]
2023-04-19 08:40:28.491 DEBUG o.s.web.servlet.DispatcherServlet - Completed 200 OK
2023-04-19 08:40:33.566 DEBUG o.s.w.s.m.m.a.RequestMappingHandlerMapping - Mapped to com.ims.institutemanagementsystem.controller.StudentController#getStudent(int)
2023-04-19 08:40:33.574 DEBUG o.s.w.s.m.m.a.RequestMappingHandlerMapping - Mapped to com.ims.institutemanagementsystem.controller.StudentController#getStudent(int)
2023-04-19 08:40:33.795 DEBUG o.s.web.servlet.DispatcherServlet - GET "/api/student/3", parameters={}
2023-04-19 08:40:33.795 DEBUG o.s.w.s.m.m.a.RequestMappingHandlerMapping - Mapped to com.ims.institutemanagementsystem.controller.StudentController#getStudent(int)
2023-04-19 08:40:33.800 DEBUG o.s.w.s.m.m.a.HttpEntityMethodProcessor - Using 'application/json', given [*/*] and supported [application/json, application/*+json]
2023-04-19 08:40:33.800 DEBUG o.s.w.s.m.m.a.HttpEntityMethodProcessor - Writing [com.ims.institutemanagementsystem.model.Student@69b669ef]
2023-04-19 08:40:33.809 DEBUG o.s.web.servlet.DispatcherServlet - Completed 200 OK
2023-04-19 08:40:40.180 DEBUG o.s.w.s.m.m.a.RequestMappingHandlerMapping - Mapped to com.ims.institutemanagementsystem.controller.TeacherController#getTeacher(int)
2023-04-19 08:40:40.185 DEBUG o.s.w.s.m.m.a.RequestMappingHandlerMapping - Mapped to com.ims.institutemanagementsystem.controller.TeacherController#getTeacher(int)
2023-04-19 08:40:40.388 DEBUG o.s.web.servlet.DispatcherServlet - GET "/api/teacher/3", parameters={}
2023-04-19 08:40:40.388 DEBUG o.s.w.s.m.m.a.RequestMappingHandlerMapping - Mapped to com.ims.institutemanagementsystem.controller.TeacherController#getTeacher(int)
2023-04-19 08:40:40.403 INFO  c.i.i.service.TeacherService - Getting the Teacher with the id: 3
2023-04-19 08:40:40.436 DEBUG o.s.w.s.m.m.a.HttpEntityMethodProcessor - Using 'application/json', given [*/*] and supported [application/json, application/*+json]
2023-04-19 08:40:40.436 DEBUG o.s.w.s.m.m.a.HttpEntityMethodProcessor - Nothing to write: null body
2023-04-19 08:40:40.436 DEBUG o.s.web.servlet.DispatcherServlet - Completed 404 NOT_FOUND
2023-04-19 08:41:59.364 DEBUG o.s.w.s.m.m.a.RequestMappingHandlerMapping - Mapped to com.ims.institutemanagementsystem.controller.StudentController#getStudent(int)
2023-04-19 08:41:59.364 DEBUG o.s.w.s.m.m.a.RequestMappingHandlerMapping - Mapped to com.ims.institutemanagementsystem.controller.StudentController#getStudent(int)
2023-04-19 08:41:59.619 DEBUG o.s.web.servlet.DispatcherServlet - GET "/api/student/3", parameters={}
2023-04-19 08:41:59.620 DEBUG o.s.w.s.m.m.a.RequestMappingHandlerMapping - Mapped to com.ims.institutemanagementsystem.controller.StudentController#getStudent(int)
2023-04-19 08:41:59.620 DEBUG o.s.w.s.m.m.a.HttpEntityMethodProcessor - Using 'application/json', given [*/*] and supported [application/json, application/*+json]
2023-04-19 08:41:59.620 DEBUG o.s.w.s.m.m.a.HttpEntityMethodProcessor - Writing [com.ims.institutemanagementsystem.model.Student@11001fa7]
2023-04-19 08:41:59.620 DEBUG o.s.web.servlet.DispatcherServlet - Completed 200 OK
2023-04-19 08:42:05.803 DEBUG o.s.w.s.m.m.a.RequestMappingHandlerMapping - Mapped to com.ims.institutemanagementsystem.controller.StudentController#deleteStudent(int)
2023-04-19 08:42:05.810 DEBUG o.s.w.s.m.m.a.RequestMappingHandlerMapping - Mapped to com.ims.institutemanagementsystem.controller.StudentController#deleteStudent(int)
2023-04-19 08:42:06.013 DEBUG o.s.web.servlet.DispatcherServlet - DELETE "/api/student/3", parameters={}
2023-04-19 08:42:06.013 DEBUG o.s.w.s.m.m.a.RequestMappingHandlerMapping - Mapped to com.ims.institutemanagementsystem.controller.StudentController#deleteStudent(int)
2023-04-19 08:42:06.146 DEBUG o.s.w.s.m.m.a.HttpEntityMethodProcessor - Using 'application/octet-stream', given [*/*] and supported [*/*]
2023-04-19 08:42:06.146 DEBUG o.s.web.servlet.DispatcherServlet - Completed 200 OK
2023-04-19 08:42:17.145 DEBUG o.s.w.s.m.m.a.RequestMappingHandlerMapping - Mapped to com.ims.institutemanagementsystem.controller.StudentController#getStudent(int)
2023-04-19 08:42:17.153 DEBUG o.s.w.s.m.m.a.RequestMappingHandlerMapping - Mapped to com.ims.institutemanagementsystem.controller.StudentController#getStudent(int)
2023-04-19 08:42:17.335 DEBUG o.s.web.servlet.DispatcherServlet - GET "/api/student/3", parameters={}
2023-04-19 08:42:17.342 DEBUG o.s.w.s.m.m.a.RequestMappingHandlerMapping - Mapped to com.ims.institutemanagementsystem.controller.StudentController#getStudent(int)
2023-04-19 08:42:17.344 DEBUG o.s.w.s.m.m.a.HttpEntityMethodProcessor - Using 'application/json', given [*/*] and supported [application/json, application/*+json]
2023-04-19 08:42:17.352 DEBUG o.s.w.s.m.m.a.HttpEntityMethodProcessor - Nothing to write: null body
2023-04-19 08:42:17.352 DEBUG o.s.web.servlet.DispatcherServlet - Completed 404 NOT_FOUND
2023-04-19 08:44:43.009 INFO  o.s.o.j.LocalContainerEntityManagerFactoryBean - Closing JPA EntityManagerFactory for persistence unit 'default'
2023-04-19 08:44:43.013 INFO  com.zaxxer.hikari.HikariDataSource - HikariPool-1 - Shutdown initiated...
2023-04-19 08:44:43.033 INFO  com.zaxxer.hikari.HikariDataSource - HikariPool-1 - Shutdown completed.
